

Microchip Technology PIC18 LITE Macro Assembler V1.41 build -162212810 
                                                                                               Fri Mar 09 13:07:39 2018

Microchip Technology Omniscient Code Generator v1.41 (Free mode) build 201701250102
     1                           	processor	18F4550
     2                           	fnconf	rparam,??,?,0
     3                           	opt	pw 120
     4                           	opt	lm
     5                           	psect	cinit,global,reloc=2,class=CODE,delta=1
     6                           	psect	cstackCOMRAM,global,class=COMRAM,space=1,delta=1,noexec
     7                           	psect	text0,global,reloc=2,class=CODE,delta=1
     8                           	psect	intsave_regs,global,class=BIGRAM,space=1,delta=1,noexec
     9                           	psect	rparam,global,class=COMRAM,space=1,delta=1,noexec
    10  0000                     
    11                           ; Version 1.41
    12                           ; Generated 25/01/2017 GMT
    13                           ; 
    14                           ; Copyright © 2017, Microchip Technology Inc. and its subsidiaries ("Microchip")
    15                           ; All rights reserved.
    16                           ; 
    17                           ; This software is developed by Microchip Technology Inc. and its subsidiaries ("Microch
      +                          ip").
    18                           ; 
    19                           ; Redistribution and use in source and binary forms, with or without modification, are
    20                           ; permitted provided that the following conditions are met:
    21                           ; 
    22                           ;     1. Redistributions of source code must retain the above copyright notice, this lis
      +                          t of
    23                           ;        conditions and the following disclaimer.
    24                           ; 
    25                           ;     2. Redistributions in binary form must reproduce the above copyright notice, this 
      +                          list
    26                           ;        of conditions and the following disclaimer in the documentation and/or other
    27                           ;        materials provided with the distribution.
    28                           ; 
    29                           ;     3. Microchip's name may not be used to endorse or promote products derived from th
      +                          is
    30                           ;        software without specific prior written permission.
    31                           ; 
    32                           ; THIS SOFTWARE IS PROVIDED BY MICROCHIP "AS IS" AND ANY EXPRESS OR IMPLIED WARRANTIES,
    33                           ; INCLUDING, BUT NOT LIMITED TO, THE IMPLIED WARRANTIES OF MERCHANTABILITY AND FITNESS F
      +                          OR
    34                           ; PURPOSE ARE DISCLAIMED.  IN NO EVENT SHALL MICROCHIP BE LIABLE FOR ANY DIRECT, INDIREC
      +                          T,
    35                           ; INCIDENTAL, SPECIAL, EXEMPLARY, OR CONSEQUENTIAL DAMAGES (INCLUDING BUT NOT LIMITED TO
    36                           ; PROCUREMENT OF SUBSTITUTE GOODS OR SERVICES; LOSS OF USE, DATA OR PROFITS; OR BUSINESS
    37                           ; INTERRUPTION) HOWSOEVER CAUSED AND ON ANY THEORY OF LIABILITY, WHETHER IN CONTRACT, ST
      +                          RICT
    38                           ; LIABILITY, OR TORT (INCLUDING NEGLIGENCE OR OTHERWISE) ARISING IN ANY WAY OUT OF THE U
      +                          SE OF
    39                           ; THIS SOFTWARE, EVEN IF ADVISED OF THE POSSIBILITY OF SUCH DAMAGE.
    40                           ; 
    41                           ; 
    42                           ; Code-generator required, PIC18F4550 Definitions
    43                           ; 
    44                           ; SFR Addresses
    45  0000                     _PORTCbits	set	3970
    46  0000                     _TRISCbits	set	3988
    47                           
    48                           ; #config settings
    49  0000                     
    50                           	psect	cinit
    51  007FAA                     __pcinit:
    52                           	opt stack 0
    53  007FAA                     start_initialization:
    54                           	opt stack 0
    55  007FAA                     __initialization:
    56                           	opt stack 0
    57  007FAA                     end_of_initialization:
    58                           	opt stack 0
    59  007FAA                     __end_of__initialization:
    60                           	opt stack 0
    61  007FAA  0100               	movlb	0
    62  007FAC  EFD8  F03F         	goto	_main	;jump to C main() function
    63                           
    64                           	psect	cstackCOMRAM
    65  000001                     __pcstackCOMRAM:
    66                           	opt stack 0
    67  000001                     ??_main:
    68                           
    69                           ; 1 bytes @ 0x0
    70  000001                     	ds	1
    71  000002                     main@press:
    72                           	opt stack 0
    73                           
    74                           ; 1 bytes @ 0x1
    75  000002                     	ds	1
    76                           
    77 ;;
    78 ;;Main: autosize = 0, tempsize = 1, incstack = 0, save=0
    79 ;;
    80 ;; *************** function _main *****************
    81 ;; Defined at:
    82 ;;		line 20 in file "main.c"
    83 ;; Parameters:    Size  Location     Type
    84 ;;		None
    85 ;; Auto vars:     Size  Location     Type
    86 ;;  press           1    1[COMRAM] unsigned char 
    87 ;; Return value:  Size  Location     Type
    88 ;;                  1    wreg      void 
    89 ;; Registers used:
    90 ;;		wreg, status,2, status,0
    91 ;; Tracked objects:
    92 ;;		On entry : 0/0
    93 ;;		On exit  : 0/0
    94 ;;		Unchanged: 0/0
    95 ;; Data sizes:     COMRAM   BANK0   BANK1   BANK2   BANK3   BANK4   BANK5   BANK6   BANK7
    96 ;;      Params:         0       0       0       0       0       0       0       0       0
    97 ;;      Locals:         1       0       0       0       0       0       0       0       0
    98 ;;      Temps:          1       0       0       0       0       0       0       0       0
    99 ;;      Totals:         2       0       0       0       0       0       0       0       0
   100 ;;Total ram usage:        2 bytes
   101 ;; This function calls:
   102 ;;		Nothing
   103 ;; This function is called by:
   104 ;;		Startup code after reset
   105 ;; This function uses a non-reentrant model
   106 ;;
   107                           
   108                           	psect	text0
   109  007FB0                     __ptext0:
   110                           	opt stack 0
   111  007FB0                     _main:
   112                           	opt stack 31
   113                           
   114                           ;main.c: 21: TRISCbits.TRISC0 = 0;
   115                           
   116                           ;incstack = 0
   117  007FB0  9094               	bcf	3988,0,c	;volatile
   118                           
   119                           ;main.c: 22: TRISCbits.TRISC1 = 1;
   120  007FB2  8294               	bsf	3988,1,c	;volatile
   121                           
   122                           ;main.c: 26: PORTCbits.RC0 = 0;
   123  007FB4  9082               	bcf	3970,0,c	;volatile
   124                           
   125                           ;main.c: 27: char press = 'n';
   126  007FB6  0E6E               	movlw	110
   127  007FB8  6E02               	movwf	main@press,c
   128  007FBA                     l616:
   129                           
   130                           ;main.c: 29: if(PORTCbits.RC1){
   131  007FBA  A282               	btfss	3970,1,c	;volatile
   132  007FBC  D007               	goto	l622
   133                           
   134                           ;main.c: 30: PORTCbits.RC0 = PORTCbits.RC1;
   135  007FBE  A282               	btfss	3970,1,c	;volatile
   136  007FC0  D002               	bra	u25
   137  007FC2  8082               	bsf	3970,0,c	;volatile
   138  007FC4  D001               	bra	u27
   139  007FC6                     u25:
   140  007FC6  9082               	bcf	3970,0,c	;volatile
   141  007FC8                     u27:
   142                           
   143                           ;main.c: 31: press = 's';
   144  007FC8  0E73               	movlw	115
   145  007FCA  6E02               	movwf	main@press,c
   146  007FCC                     l622:
   147                           
   148                           ;main.c: 32: }
   149                           ;main.c: 33: if(PORTCbits.RC1 == 1 && press == 's'){
   150  007FCC  A282               	btfss	3970,1,c	;volatile
   151  007FCE  D00F               	goto	l628
   152  007FD0  0E73               	movlw	115
   153  007FD2  1802               	xorwf	main@press,w,c
   154  007FD4  A4D8               	btfss	status,2,c
   155  007FD6  D00B               	goto	l628
   156                           
   157                           ;main.c: 34: PORTCbits.RC0 = !PORTCbits.RC1;
   158  007FD8  B282               	btfsc	3970,1,c	;volatile
   159  007FDA  D003               	goto	u50
   160  007FDC  6A01               	clrf	??_main& (0+255),c
   161  007FDE  2A01               	incf	??_main& (0+255),f,c
   162  007FE0  D001               	goto	u68
   163  007FE2                     u50:
   164  007FE2  6A01               	clrf	??_main& (0+255),c
   165  007FE4                     u68:
   166  007FE4  5082               	movf	3970,w,c	;volatile
   167  007FE6  1801               	xorwf	??_main,w,c
   168  007FE8  0BFE               	andlw	-2
   169  007FEA  1801               	xorwf	??_main,w,c
   170  007FEC  6E82               	movwf	3970,c	;volatile
   171  007FEE                     l628:
   172                           
   173                           ;main.c: 35: }
   174                           ;main.c: 36: _delay((unsigned long)((10)*(20000000/4000.0)));
   175  007FEE  0E41               	movlw	65
   176  007FF0  6E01               	movwf	??_main& (0+255),c
   177  007FF2  0EEE               	movlw	238
   178  007FF4                     u77:
   179  007FF4  2EE8               	decfsz	wreg,f,c
   180  007FF6  D7FE               	bra	u77
   181  007FF8  2E01               	decfsz	??_main& (0+255),f,c
   182  007FFA  D7FC               	bra	u77
   183  007FFC  D000               	nop2	
   184  007FFE  D7DD               	goto	l616
   185  008000                     __end_of_main:
   186                           	opt stack 0
   187  0000                     wreg	equ	0xFE8
   188                           status	equ	0xFD8
   189                           wreg	equ	0xFE8
   190                           status	equ	0xFD8
   191                           
   192                           	psect	rparam
   193  0000                     wreg	equ	0xFE8
   194                           status	equ	0xFD8


Data Sizes:
    Strings     0
    Constant    0
    Data        0
    BSS         0
    Persistent  0
    Stack       0

Auto Spaces:
    Space          Size  Autos    Used
    COMRAM           95      2       2
    BANK0           160      0       0
    BANK1           256      0       0
    BANK2           256      0       0
    BANK3           256      0       0
    BANK4           256      0       0
    BANK5           256      0       0
    BANK6           256      0       0
    BANK7           256      0       0

Pointer List with Targets:

    None.

Critical Paths under _main in COMRAM

    None.

Critical Paths under _main in BANK0

    None.

Critical Paths under _main in BANK1

    None.

Critical Paths under _main in BANK2

    None.

Critical Paths under _main in BANK3

    None.

Critical Paths under _main in BANK4

    None.

Critical Paths under _main in BANK5

    None.

Critical Paths under _main in BANK6

    None.

Critical Paths under _main in BANK7

    None.

Call Graph Tables:

 ---------------------------------------------------------------------------------
 (Depth) Function   	        Calls       Base Space   Used Autos Params    Refs
 ---------------------------------------------------------------------------------
 (0) _main                                                 2     2      0      15
                                              0 COMRAM     2     2      0
 ---------------------------------------------------------------------------------
 Estimated maximum stack depth 0
 ---------------------------------------------------------------------------------

 Call Graph Graphs:

 _main (ROOT)

 Address spaces:
Name               Size   Autos  Total    Cost      Usage
BITCOMRAM           5F      0       0       0        0.0%
EEDATA             100      0       0       0        0.0%
NULL                 0      0       0       0        0.0%
CODE                 0      0       0       0        0.0%
COMRAM              5F      2       2       1        2.1%
STACK                0      0       0       2        0.0%
DATA                 0      0       0       3        0.0%
BITBANK0            A0      0       0       4        0.0%
BANK0               A0      0       0       5        0.0%
BITBANK1           100      0       0       6        0.0%
BANK1              100      0       0       7        0.0%
BITBANK2           100      0       0       8        0.0%
BANK2              100      0       0       9        0.0%
BITBANK3           100      0       0      10        0.0%
BANK3              100      0       0      11        0.0%
BITBANK4           100      0       0      12        0.0%
BANK4              100      0       0      13        0.0%
BITBANK5           100      0       0      14        0.0%
BANK5              100      0       0      15        0.0%
BITBANK6           100      0       0      16        0.0%
BANK6              100      0       0      17        0.0%
BITBANK7           100      0       0      18        0.0%
BANK7              100      0       0      19        0.0%
ABS                  0      0       0      20        0.0%
BIGRAM             7FF      0       0      21        0.0%
BITSFR               0      0       0     200        0.0%
SFR                  0      0       0     200        0.0%


Microchip Technology PIC18 Macro Assembler V1.41 build -162212810 
Symbol Table                                                                                   Fri Mar 09 13:07:39 2018

                     u25 7FC6                       u50 7FE2                       u27 7FC8  
                     u68 7FE4                       u77 7FF4                      l622 7FCC  
                    l616 7FBA                      l628 7FEE                      wreg 000FE8  
           __CFG_WDT$OFF 000000                     _main 7FB0                     start 0000  
           ___param_bank 000000                    ?_main 0001                    status 000FD8  
        __initialization 7FAA             __end_of_main 8000                   ??_main 0001  
          __activetblptr 000000               __accesstop 0060  __end_of__initialization 7FAA  
          ___rparam_used 000001           __pcstackCOMRAM 0001                  __Hparam 0000  
                __Lparam 0000                  __pcinit 7FAA                  __ramtop 0800  
                __ptext0 7FB0     end_of_initialization 7FAA                _PORTCbits 000F82  
              _TRISCbits 000F94      start_initialization 7FAA                main@press 0002  
               __Hrparam 0000                 __Lrparam 0000            __size_of_main 0050  
