

Microchip Technology PIC18 LITE Macro Assembler V1.41 build -162212810 
                                                                                               Fri Mar 16 17:49:15 2018

Microchip Technology Omniscient Code Generator v1.41 (Free mode) build 201701250102
     1                           	processor	18F4550
     2                           	fnconf	rparam,??,?,0
     3                           	opt	pw 120
     4                           	opt	lm
     5                           	psect	cinit,global,reloc=2,class=CODE,delta=1
     6                           	psect	cstackCOMRAM,global,class=COMRAM,space=1,delta=1,noexec
     7                           	psect	text0,global,reloc=2,class=CODE,delta=1
     8                           	psect	intsave_regs,global,class=BIGRAM,space=1,delta=1,noexec
     9                           	psect	rparam,global,class=COMRAM,space=1,delta=1,noexec
    10  0000                     
    11                           ; Version 1.41
    12                           ; Generated 25/01/2017 GMT
    13                           ; 
    14                           ; Copyright © 2017, Microchip Technology Inc. and its subsidiaries ("Microchip")
    15                           ; All rights reserved.
    16                           ; 
    17                           ; This software is developed by Microchip Technology Inc. and its subsidiaries ("Microch
      +                          ip").
    18                           ; 
    19                           ; Redistribution and use in source and binary forms, with or without modification, are
    20                           ; permitted provided that the following conditions are met:
    21                           ; 
    22                           ;     1. Redistributions of source code must retain the above copyright notice, this lis
      +                          t of
    23                           ;        conditions and the following disclaimer.
    24                           ; 
    25                           ;     2. Redistributions in binary form must reproduce the above copyright notice, this 
      +                          list
    26                           ;        of conditions and the following disclaimer in the documentation and/or other
    27                           ;        materials provided with the distribution.
    28                           ; 
    29                           ;     3. Microchip's name may not be used to endorse or promote products derived from th
      +                          is
    30                           ;        software without specific prior written permission.
    31                           ; 
    32                           ; THIS SOFTWARE IS PROVIDED BY MICROCHIP "AS IS" AND ANY EXPRESS OR IMPLIED WARRANTIES,
    33                           ; INCLUDING, BUT NOT LIMITED TO, THE IMPLIED WARRANTIES OF MERCHANTABILITY AND FITNESS F
      +                          OR
    34                           ; PURPOSE ARE DISCLAIMED.  IN NO EVENT SHALL MICROCHIP BE LIABLE FOR ANY DIRECT, INDIREC
      +                          T,
    35                           ; INCIDENTAL, SPECIAL, EXEMPLARY, OR CONSEQUENTIAL DAMAGES (INCLUDING BUT NOT LIMITED TO
    36                           ; PROCUREMENT OF SUBSTITUTE GOODS OR SERVICES; LOSS OF USE, DATA OR PROFITS; OR BUSINESS
    37                           ; INTERRUPTION) HOWSOEVER CAUSED AND ON ANY THEORY OF LIABILITY, WHETHER IN CONTRACT, ST
      +                          RICT
    38                           ; LIABILITY, OR TORT (INCLUDING NEGLIGENCE OR OTHERWISE) ARISING IN ANY WAY OUT OF THE U
      +                          SE OF
    39                           ; THIS SOFTWARE, EVEN IF ADVISED OF THE POSSIBILITY OF SUCH DAMAGE.
    40                           ; 
    41                           ; 
    42                           ; Code-generator required, PIC18F4550 Definitions
    43                           ; 
    44                           ; SFR Addresses
    45  0000                     _TMR0	set	4054
    46  0000                     _PORTCbits	set	3970
    47  0000                     _INTCONbits	set	4082
    48  0000                     _T0CONbits	set	4053
    49  0000                     _TRISC	set	3988
    50                           
    51                           ; #config settings
    52  0000                     
    53                           	psect	cinit
    54  007FC0                     __pcinit:
    55                           	opt stack 0
    56  007FC0                     start_initialization:
    57                           	opt stack 0
    58  007FC0                     __initialization:
    59                           	opt stack 0
    60  007FC0                     end_of_initialization:
    61                           	opt stack 0
    62  007FC0                     __end_of__initialization:
    63                           	opt stack 0
    64  007FC0  0100               	movlb	0
    65  007FC2  EFE3  F03F         	goto	_main	;jump to C main() function
    66                           
    67                           	psect	cstackCOMRAM
    68  000000                     __pcstackCOMRAM:
    69                           	opt stack 0
    70  000000                     
    71                           ; 1 bytes @ 0x0
    72 ;;
    73 ;;Main: autosize = 0, tempsize = 0, incstack = 0, save=0
    74 ;;
    75 ;; *************** function _main *****************
    76 ;; Defined at:
    77 ;;		line 14 in file "main.c"
    78 ;; Parameters:    Size  Location     Type
    79 ;;		None
    80 ;; Auto vars:     Size  Location     Type
    81 ;;		None
    82 ;; Return value:  Size  Location     Type
    83 ;;                  1    wreg      void 
    84 ;; Registers used:
    85 ;;		wreg, status,2
    86 ;; Tracked objects:
    87 ;;		On entry : 0/0
    88 ;;		On exit  : 0/0
    89 ;;		Unchanged: 0/0
    90 ;; Data sizes:     COMRAM   BANK0   BANK1   BANK2   BANK3   BANK4   BANK5   BANK6   BANK7
    91 ;;      Params:         0       0       0       0       0       0       0       0       0
    92 ;;      Locals:         0       0       0       0       0       0       0       0       0
    93 ;;      Temps:          0       0       0       0       0       0       0       0       0
    94 ;;      Totals:         0       0       0       0       0       0       0       0       0
    95 ;;Total ram usage:        0 bytes
    96 ;; This function calls:
    97 ;;		Nothing
    98 ;; This function is called by:
    99 ;;		Startup code after reset
   100 ;; This function uses a non-reentrant model
   101 ;;
   102                           
   103                           	psect	text0
   104  007FC6                     __ptext0:
   105                           	opt stack 0
   106  007FC6                     _main:
   107                           	opt stack 31
   108                           
   109                           ;main.c: 15: TRISC = 0b00000010;
   110                           
   111                           ;incstack = 0
   112  007FC6  0E02               	movlw	2
   113  007FC8  6E94               	movwf	3988,c	;volatile
   114                           
   115                           ;main.c: 16: T0CONbits.TMR0ON = 0;
   116  007FCA  9ED5               	bcf	4053,7,c	;volatile
   117                           
   118                           ;main.c: 17: INTCONbits.TMR0IE = 1;
   119  007FCC  8AF2               	bsf	intcon,5,c	;volatile
   120                           
   121                           ;main.c: 18: INTCONbits.TMR0IF = 0;
   122  007FCE  94F2               	bcf	intcon,2,c	;volatile
   123                           
   124                           ;main.c: 19: T0CONbits.T08BIT = 0;
   125  007FD0  9CD5               	bcf	4053,6,c	;volatile
   126                           
   127                           ;main.c: 20: T0CONbits.PSA = 0;
   128  007FD2  96D5               	bcf	4053,3,c	;volatile
   129                           
   130                           ;main.c: 21: T0CONbits.T0PS0 = 1;
   131  007FD4  80D5               	bsf	4053,0,c	;volatile
   132                           
   133                           ;main.c: 22: T0CONbits.T0PS1 = 1;
   134  007FD6  82D5               	bsf	4053,1,c	;volatile
   135                           
   136                           ;main.c: 23: T0CONbits.T0PS2 = 0;
   137  007FD8  94D5               	bcf	4053,2,c	;volatile
   138                           
   139                           ;main.c: 24: T0CONbits.T0CS = 0;
   140  007FDA  9AD5               	bcf	4053,5,c	;volatile
   141                           
   142                           ;main.c: 26: TMR0 = 26474;
   143  007FDC  0E67               	movlw	103
   144  007FDE  6ED7               	movwf	4055,c	;volatile
   145  007FE0  0E6A               	movlw	106
   146  007FE2  6ED6               	movwf	4054,c	;volatile
   147                           
   148                           ;main.c: 28: T0CONbits.TMR0ON = 1;
   149  007FE4  8ED5               	bsf	4053,7,c	;volatile
   150  007FE6                     l639:
   151                           
   152                           ;main.c: 33: if(INTCONbits.TMR0IF == 1){
   153  007FE6  A4F2               	btfss	intcon,2,c	;volatile
   154  007FE8  D7FE               	goto	l639
   155                           
   156                           ;main.c: 34: if(PORTCbits.RC0 == 0){
   157  007FEA  B082               	btfsc	3970,0,c	;volatile
   158  007FEC  D002               	goto	l15
   159                           
   160                           ;main.c: 35: PORTCbits.RC0 = 1;
   161  007FEE  8082               	bsf	3970,0,c	;volatile
   162                           
   163                           ;main.c: 36: }else{
   164  007FF0  D001               	goto	l645
   165  007FF2                     l15:
   166                           
   167                           ;main.c: 37: PORTCbits.RC0 = 0;
   168  007FF2  9082               	bcf	3970,0,c	;volatile
   169  007FF4                     l645:
   170                           
   171                           ;main.c: 38: }
   172                           ;main.c: 40: TMR0 = 26474;
   173  007FF4  0E67               	movlw	103
   174  007FF6  6ED7               	movwf	4055,c	;volatile
   175  007FF8  0E6A               	movlw	106
   176  007FFA  6ED6               	movwf	4054,c	;volatile
   177                           
   178                           ;main.c: 41: INTCONbits.TMR0IF = 0;
   179  007FFC  94F2               	bcf	intcon,2,c	;volatile
   180  007FFE  D7F3               	goto	l639
   181  008000                     __end_of_main:
   182                           	opt stack 0
   183  0000                     intcon	equ	0xFF2
   184                           intcon	equ	0xFF2
   185                           
   186                           	psect	rparam
   187  0000                     intcon	equ	0xFF2


Data Sizes:
    Strings     0
    Constant    0
    Data        0
    BSS         0
    Persistent  0
    Stack       0

Auto Spaces:
    Space          Size  Autos    Used
    COMRAM           95      0       0
    BANK0           160      0       0
    BANK1           256      0       0
    BANK2           256      0       0
    BANK3           256      0       0
    BANK4           256      0       0
    BANK5           256      0       0
    BANK6           256      0       0
    BANK7           256      0       0

Pointer List with Targets:

    None.

Critical Paths under _main in COMRAM

    None.

Critical Paths under _main in BANK0

    None.

Critical Paths under _main in BANK1

    None.

Critical Paths under _main in BANK2

    None.

Critical Paths under _main in BANK3

    None.

Critical Paths under _main in BANK4

    None.

Critical Paths under _main in BANK5

    None.

Critical Paths under _main in BANK6

    None.

Critical Paths under _main in BANK7

    None.

Call Graph Tables:

 ---------------------------------------------------------------------------------
 (Depth) Function   	        Calls       Base Space   Used Autos Params    Refs
 ---------------------------------------------------------------------------------
 (0) _main                                                 0     0      0       0
 ---------------------------------------------------------------------------------
 Estimated maximum stack depth 0
 ---------------------------------------------------------------------------------

 Call Graph Graphs:

 _main (ROOT)

 Address spaces:
Name               Size   Autos  Total    Cost      Usage
BITCOMRAM           5F      0       0       0        0.0%
EEDATA             100      0       0       0        0.0%
NULL                 0      0       0       0        0.0%
CODE                 0      0       0       0        0.0%
COMRAM              5F      0       0       1        0.0%
STACK                0      0       0       2        0.0%
DATA                 0      0       0       3        0.0%
BITBANK0            A0      0       0       4        0.0%
BANK0               A0      0       0       5        0.0%
BITBANK1           100      0       0       6        0.0%
BANK1              100      0       0       7        0.0%
BITBANK2           100      0       0       8        0.0%
BANK2              100      0       0       9        0.0%
BITBANK3           100      0       0      10        0.0%
BANK3              100      0       0      11        0.0%
BITBANK4           100      0       0      12        0.0%
BANK4              100      0       0      13        0.0%
BITBANK5           100      0       0      14        0.0%
BANK5              100      0       0      15        0.0%
BITBANK6           100      0       0      16        0.0%
BANK6              100      0       0      17        0.0%
BITBANK7           100      0       0      18        0.0%
BANK7              100      0       0      19        0.0%
ABS                  0      0       0      20        0.0%
BIGRAM             7FF      0       0      21        0.0%
BITSFR               0      0       0     200        0.0%
SFR                  0      0       0     200        0.0%


Microchip Technology PIC18 Macro Assembler V1.41 build -162212810 
Symbol Table                                                                                   Fri Mar 16 17:49:15 2018

                     l15 7FF2                      l645 7FF4                      l639 7FE6  
           __CFG_WDT$OFF 000000                     _TMR0 000FD6                     _main 7FC6  
                   start 0000             ___param_bank 000000                    ?_main 0000  
                  _TRISC 000F94          __initialization 7FC0             __end_of_main 8000  
                 ??_main 0000            __activetblptr 000000               __accesstop 0060  
__end_of__initialization 7FC0            ___rparam_used 000001           __pcstackCOMRAM 0000  
                __Hparam 0000                  __Lparam 0000                  __pcinit 7FC0  
                __ramtop 0800                  __ptext0 7FC6                _T0CONbits 000FD5  
   end_of_initialization 7FC0                _PORTCbits 000F82      start_initialization 7FC0  
               __Hrparam 0000                 __Lrparam 0000            __size_of_main 003A  
             _INTCONbits 000FF2  
