

Microchip Technology PIC18 LITE Macro Assembler V1.41 build -162212810 
                                                                                               Thu Mar 08 13:56:36 2018

Microchip Technology Omniscient Code Generator v1.41 (Free mode) build 201701250102
     1                           	processor	18F4550
     2                           	fnconf	rparam,??,?,0
     3                           	opt	pw 120
     4                           	opt	lm
     5                           	psect	cinit,global,reloc=2,class=CODE,delta=1
     6                           	psect	cstackCOMRAM,global,class=COMRAM,space=1,delta=1,noexec
     7                           	psect	text0,global,reloc=2,class=CODE,delta=1
     8                           	psect	text1,global,reloc=2,class=CODE,delta=1
     9                           	psect	intsave_regs,global,class=BIGRAM,space=1,delta=1,noexec
    10                           	psect	rparam,global,class=COMRAM,space=1,delta=1,noexec
    11  0000                     
    12                           ; Version 1.41
    13                           ; Generated 25/01/2017 GMT
    14                           ; 
    15                           ; Copyright © 2017, Microchip Technology Inc. and its subsidiaries ("Microchip")
    16                           ; All rights reserved.
    17                           ; 
    18                           ; This software is developed by Microchip Technology Inc. and its subsidiaries ("Microch
      +                          ip").
    19                           ; 
    20                           ; Redistribution and use in source and binary forms, with or without modification, are
    21                           ; permitted provided that the following conditions are met:
    22                           ; 
    23                           ;     1. Redistributions of source code must retain the above copyright notice, this lis
      +                          t of
    24                           ;        conditions and the following disclaimer.
    25                           ; 
    26                           ;     2. Redistributions in binary form must reproduce the above copyright notice, this 
      +                          list
    27                           ;        of conditions and the following disclaimer in the documentation and/or other
    28                           ;        materials provided with the distribution.
    29                           ; 
    30                           ;     3. Microchip's name may not be used to endorse or promote products derived from th
      +                          is
    31                           ;        software without specific prior written permission.
    32                           ; 
    33                           ; THIS SOFTWARE IS PROVIDED BY MICROCHIP "AS IS" AND ANY EXPRESS OR IMPLIED WARRANTIES,
    34                           ; INCLUDING, BUT NOT LIMITED TO, THE IMPLIED WARRANTIES OF MERCHANTABILITY AND FITNESS F
      +                          OR
    35                           ; PURPOSE ARE DISCLAIMED.  IN NO EVENT SHALL MICROCHIP BE LIABLE FOR ANY DIRECT, INDIREC
      +                          T,
    36                           ; INCIDENTAL, SPECIAL, EXEMPLARY, OR CONSEQUENTIAL DAMAGES (INCLUDING BUT NOT LIMITED TO
    37                           ; PROCUREMENT OF SUBSTITUTE GOODS OR SERVICES; LOSS OF USE, DATA OR PROFITS; OR BUSINESS
    38                           ; INTERRUPTION) HOWSOEVER CAUSED AND ON ANY THEORY OF LIABILITY, WHETHER IN CONTRACT, ST
      +                          RICT
    39                           ; LIABILITY, OR TORT (INCLUDING NEGLIGENCE OR OTHERWISE) ARISING IN ANY WAY OUT OF THE U
      +                          SE OF
    40                           ; THIS SOFTWARE, EVEN IF ADVISED OF THE POSSIBILITY OF SUCH DAMAGE.
    41                           ; 
    42                           ; 
    43                           ; Code-generator required, PIC18F4550 Definitions
    44                           ; 
    45                           ; SFR Addresses
    46  0000                     _TRISBbits	set	3987
    47  0000                     _PORTBbits	set	3969
    48                           
    49                           ; #config settings
    50                           
    51                           	psect	cinit
    52  007FBC                     __pcinit:
    53                           	opt stack 0
    54  007FBC                     start_initialization:
    55                           	opt stack 0
    56  007FBC                     __initialization:
    57                           	opt stack 0
    58  007FBC                     end_of_initialization:
    59                           	opt stack 0
    60  007FBC                     __end_of__initialization:
    61                           	opt stack 0
    62  007FBC  0100               	movlb	0
    63  007FBE  EFE1  F03F         	goto	_main	;jump to C main() function
    64                           
    65                           	psect	cstackCOMRAM
    66  000001                     __pcstackCOMRAM:
    67                           	opt stack 0
    68  000001                     ??_acionaLed:
    69  000001                     
    70                           ; 1 bytes @ 0x0
    71  000001                     	ds	2
    72  000003                     
    73                           ; 1 bytes @ 0x2
    74 ;;
    75 ;;Main: autosize = 0, tempsize = 0, incstack = 0, save=0
    76 ;;
    77 ;; *************** function _main *****************
    78 ;; Defined at:
    79 ;;		line 24 in file "main.c"
    80 ;; Parameters:    Size  Location     Type
    81 ;;		None
    82 ;; Auto vars:     Size  Location     Type
    83 ;;		None
    84 ;; Return value:  Size  Location     Type
    85 ;;                  1    wreg      void 
    86 ;; Registers used:
    87 ;;		wreg, cstack
    88 ;; Tracked objects:
    89 ;;		On entry : 0/0
    90 ;;		On exit  : 0/0
    91 ;;		Unchanged: 0/0
    92 ;; Data sizes:     COMRAM   BANK0   BANK1   BANK2   BANK3   BANK4   BANK5   BANK6   BANK7
    93 ;;      Params:         0       0       0       0       0       0       0       0       0
    94 ;;      Locals:         0       0       0       0       0       0       0       0       0
    95 ;;      Temps:          0       0       0       0       0       0       0       0       0
    96 ;;      Totals:         0       0       0       0       0       0       0       0       0
    97 ;;Total ram usage:        0 bytes
    98 ;; Hardware stack levels required when called:    1
    99 ;; This function calls:
   100 ;;		_acionaLed
   101 ;; This function is called by:
   102 ;;		Startup code after reset
   103 ;; This function uses a non-reentrant model
   104 ;;
   105                           
   106                           	psect	text0
   107  007FC2                     __ptext0:
   108                           	opt stack 0
   109  007FC2                     _main:
   110                           	opt stack 30
   111                           
   112                           ;main.c: 25: TRISBbits.TRISB0 = 0;
   113                           
   114                           ;incstack = 0
   115  007FC2  9093               	bcf	3987,0,c	;volatile
   116  007FC4                     l621:
   117                           
   118                           ;main.c: 28: acionaLed();
   119  007FC4  ECE5  F03F         	call	_acionaLed	;wreg free
   120  007FC8  D7FD               	goto	l621
   121  007FCA                     __end_of_main:
   122                           	opt stack 0
   123                           
   124 ;; *************** function _acionaLed *****************
   125 ;; Defined at:
   126 ;;		line 15 in file "main.c"
   127 ;; Parameters:    Size  Location     Type
   128 ;;		None
   129 ;; Auto vars:     Size  Location     Type
   130 ;;		None
   131 ;; Return value:  Size  Location     Type
   132 ;;                  1    wreg      void 
   133 ;; Registers used:
   134 ;;		wreg
   135 ;; Tracked objects:
   136 ;;		On entry : 0/0
   137 ;;		On exit  : 0/0
   138 ;;		Unchanged: 0/0
   139 ;; Data sizes:     COMRAM   BANK0   BANK1   BANK2   BANK3   BANK4   BANK5   BANK6   BANK7
   140 ;;      Params:         0       0       0       0       0       0       0       0       0
   141 ;;      Locals:         0       0       0       0       0       0       0       0       0
   142 ;;      Temps:          2       0       0       0       0       0       0       0       0
   143 ;;      Totals:         2       0       0       0       0       0       0       0       0
   144 ;;Total ram usage:        2 bytes
   145 ;; Hardware stack levels used:    1
   146 ;; This function calls:
   147 ;;		Nothing
   148 ;; This function is called by:
   149 ;;		_main
   150 ;; This function uses a non-reentrant model
   151 ;;
   152                           
   153                           	psect	text1
   154  007FCA                     __ptext1:
   155                           	opt stack 0
   156  007FCA                     _acionaLed:
   157                           	opt stack 30
   158                           
   159                           ;main.c: 17: PORTBbits.RB0 = 1;
   160                           
   161                           ;incstack = 0
   162  007FCA  8081               	bsf	3969,0,c	;volatile
   163                           
   164                           ;main.c: 18: _delay((unsigned long)((1000)*(20000000/4000.0)));
   165  007FCC  0E1A               	movlw	26
   166  007FCE  6E02               	movwf	(??_acionaLed+1)& (0+255),c
   167  007FD0  0E5E               	movlw	94
   168  007FD2  6E01               	movwf	??_acionaLed& (0+255),c
   169  007FD4  0E6E               	movlw	110
   170  007FD6                     u17:
   171  007FD6  2EE8               	decfsz	wreg,f,c
   172  007FD8  D7FE               	bra	u17
   173  007FDA  2E01               	decfsz	??_acionaLed& (0+255),f,c
   174  007FDC  D7FC               	bra	u17
   175  007FDE  2E02               	decfsz	(??_acionaLed+1)& (0+255),f,c
   176  007FE0  D7FA               	bra	u17
   177  007FE2  D000               	nop2	
   178                           
   179                           ;main.c: 19: PORTBbits.RB0 = 0;
   180  007FE4  9081               	bcf	3969,0,c	;volatile
   181                           
   182                           ;main.c: 20: _delay((unsigned long)((1000)*(20000000/4000.0)));
   183  007FE6  0E1A               	movlw	26
   184  007FE8  6E02               	movwf	(??_acionaLed+1)& (0+255),c
   185  007FEA  0E5E               	movlw	94
   186  007FEC  6E01               	movwf	??_acionaLed& (0+255),c
   187  007FEE  0E6E               	movlw	110
   188  007FF0                     u27:
   189  007FF0  2EE8               	decfsz	wreg,f,c
   190  007FF2  D7FE               	bra	u27
   191  007FF4  2E01               	decfsz	??_acionaLed& (0+255),f,c
   192  007FF6  D7FC               	bra	u27
   193  007FF8  2E02               	decfsz	(??_acionaLed+1)& (0+255),f,c
   194  007FFA  D7FA               	bra	u27
   195  007FFC  D000               	nop2	
   196  007FFE  0012               	return		;funcret
   197  008000                     __end_of_acionaLed:
   198                           	opt stack 0
   199  0000                     wreg	equ	0xFE8
   200                           wreg	equ	0xFE8
   201                           
   202                           	psect	rparam
   203  0000                     wreg	equ	0xFE8


Data Sizes:
    Strings     0
    Constant    0
    Data        0
    BSS         0
    Persistent  0
    Stack       0

Auto Spaces:
    Space          Size  Autos    Used
    COMRAM           95      2       2
    BANK0           160      0       0
    BANK1           256      0       0
    BANK2           256      0       0
    BANK3           256      0       0
    BANK4           256      0       0
    BANK5           256      0       0
    BANK6           256      0       0
    BANK7           256      0       0

Pointer List with Targets:

    None.

Critical Paths under _main in COMRAM

    _main->_acionaLed

Critical Paths under _main in BANK0

    None.

Critical Paths under _main in BANK1

    None.

Critical Paths under _main in BANK2

    None.

Critical Paths under _main in BANK3

    None.

Critical Paths under _main in BANK4

    None.

Critical Paths under _main in BANK5

    None.

Critical Paths under _main in BANK6

    None.

Critical Paths under _main in BANK7

    None.

Call Graph Tables:

 ---------------------------------------------------------------------------------
 (Depth) Function   	        Calls       Base Space   Used Autos Params    Refs
 ---------------------------------------------------------------------------------
 (0) _main                                                 0     0      0       0
                          _acionaLed
 ---------------------------------------------------------------------------------
 (1) _acionaLed                                            2     2      0       0
                                              0 COMRAM     2     2      0
 ---------------------------------------------------------------------------------
 Estimated maximum stack depth 1
 ---------------------------------------------------------------------------------

 Call Graph Graphs:

 _main (ROOT)
   _acionaLed

 Address spaces:
Name               Size   Autos  Total    Cost      Usage
BITCOMRAM           5F      0       0       0        0.0%
EEDATA             100      0       0       0        0.0%
NULL                 0      0       0       0        0.0%
CODE                 0      0       0       0        0.0%
COMRAM              5F      2       2       1        2.1%
STACK                0      0       0       2        0.0%
DATA                 0      0       0       3        0.0%
BITBANK0            A0      0       0       4        0.0%
BANK0               A0      0       0       5        0.0%
BITBANK1           100      0       0       6        0.0%
BANK1              100      0       0       7        0.0%
BITBANK2           100      0       0       8        0.0%
BANK2              100      0       0       9        0.0%
BITBANK3           100      0       0      10        0.0%
BANK3              100      0       0      11        0.0%
BITBANK4           100      0       0      12        0.0%
BANK4              100      0       0      13        0.0%
BITBANK5           100      0       0      14        0.0%
BANK5              100      0       0      15        0.0%
BITBANK6           100      0       0      16        0.0%
BANK6              100      0       0      17        0.0%
BITBANK7           100      0       0      18        0.0%
BANK7              100      0       0      19        0.0%
ABS                  0      0       0      20        0.0%
BIGRAM             7FF      0       0      21        0.0%
BITSFR               0      0       0     200        0.0%
SFR                  0      0       0     200        0.0%


Microchip Technology PIC18 Macro Assembler V1.41 build -162212810 
Symbol Table                                                                                   Thu Mar 08 13:56:36 2018

                     u17 7FD6                       u27 7FF0                      l621 7FC4  
                    wreg 000FE8                     _main 7FC2                     start 0000  
           ___param_bank 000000                    ?_main 0001          __initialization 7FBC  
           __end_of_main 7FCA                   ??_main 0003            __activetblptr 000000  
             __accesstop 0060  __end_of__initialization 7FBC            ___rparam_used 000001  
     __size_of_acionaLed 0036           __pcstackCOMRAM 0001        __end_of_acionaLed 8000  
                __Hparam 0000                  __Lparam 0000                  __pcinit 7FBC  
                __ramtop 0800                  __ptext0 7FC2                  __ptext1 7FCA  
   end_of_initialization 7FBC                _PORTBbits 000F81                _TRISBbits 000F93  
    start_initialization 7FBC                _acionaLed 7FCA               ?_acionaLed 0001  
               __Hrparam 0000                 __Lrparam 0000              ??_acionaLed 0001  
          __size_of_main 0008  
