

Microchip Technology PIC18 LITE Macro Assembler V1.41 build -162212810 
                                                                                               Fri Mar 16 19:01:11 2018

Microchip Technology Omniscient Code Generator v1.41 (Free mode) build 201701250102
     1                           	processor	18F4550
     2                           	fnconf	rparam,??,?,0
     3                           	opt	pw 120
     4                           	opt	lm
     5                           	psect	cinit,global,reloc=2,class=CODE,delta=1
     6                           	psect	cstackCOMRAM,global,class=COMRAM,space=1,delta=1,noexec
     7                           	psect	text0,global,reloc=2,class=CODE,delta=1
     8                           	psect	intsave_regs,global,class=BIGRAM,space=1,delta=1,noexec
     9                           	psect	rparam,global,class=COMRAM,space=1,delta=1,noexec
    10  0000                     
    11                           ; Version 1.41
    12                           ; Generated 25/01/2017 GMT
    13                           ; 
    14                           ; Copyright © 2017, Microchip Technology Inc. and its subsidiaries ("Microchip")
    15                           ; All rights reserved.
    16                           ; 
    17                           ; This software is developed by Microchip Technology Inc. and its subsidiaries ("Microch
      +                          ip").
    18                           ; 
    19                           ; Redistribution and use in source and binary forms, with or without modification, are
    20                           ; permitted provided that the following conditions are met:
    21                           ; 
    22                           ;     1. Redistributions of source code must retain the above copyright notice, this lis
      +                          t of
    23                           ;        conditions and the following disclaimer.
    24                           ; 
    25                           ;     2. Redistributions in binary form must reproduce the above copyright notice, this 
      +                          list
    26                           ;        of conditions and the following disclaimer in the documentation and/or other
    27                           ;        materials provided with the distribution.
    28                           ; 
    29                           ;     3. Microchip's name may not be used to endorse or promote products derived from th
      +                          is
    30                           ;        software without specific prior written permission.
    31                           ; 
    32                           ; THIS SOFTWARE IS PROVIDED BY MICROCHIP "AS IS" AND ANY EXPRESS OR IMPLIED WARRANTIES,
    33                           ; INCLUDING, BUT NOT LIMITED TO, THE IMPLIED WARRANTIES OF MERCHANTABILITY AND FITNESS F
      +                          OR
    34                           ; PURPOSE ARE DISCLAIMED.  IN NO EVENT SHALL MICROCHIP BE LIABLE FOR ANY DIRECT, INDIREC
      +                          T,
    35                           ; INCIDENTAL, SPECIAL, EXEMPLARY, OR CONSEQUENTIAL DAMAGES (INCLUDING BUT NOT LIMITED TO
    36                           ; PROCUREMENT OF SUBSTITUTE GOODS OR SERVICES; LOSS OF USE, DATA OR PROFITS; OR BUSINESS
    37                           ; INTERRUPTION) HOWSOEVER CAUSED AND ON ANY THEORY OF LIABILITY, WHETHER IN CONTRACT, ST
      +                          RICT
    38                           ; LIABILITY, OR TORT (INCLUDING NEGLIGENCE OR OTHERWISE) ARISING IN ANY WAY OUT OF THE U
      +                          SE OF
    39                           ; THIS SOFTWARE, EVEN IF ADVISED OF THE POSSIBILITY OF SUCH DAMAGE.
    40                           ; 
    41                           ; 
    42                           ; Code-generator required, PIC18F4550 Definitions
    43                           ; 
    44                           ; SFR Addresses
    45  0000                     _TMR0	set	4054
    46  0000                     _PORTDbits	set	3971
    47  0000                     _INTCONbits	set	4082
    48  0000                     _T0CONbits	set	4053
    49                           
    50                           ; #config settings
    51  0000                     
    52                           	psect	cinit
    53  007FB4                     __pcinit:
    54                           	opt stack 0
    55  007FB4                     start_initialization:
    56                           	opt stack 0
    57  007FB4                     __initialization:
    58                           	opt stack 0
    59  007FB4                     end_of_initialization:
    60                           	opt stack 0
    61  007FB4                     __end_of__initialization:
    62                           	opt stack 0
    63  007FB4  0100               	movlb	0
    64  007FB6  EFDD  F03F         	goto	_main	;jump to C main() function
    65                           
    66                           	psect	cstackCOMRAM
    67  000001                     __pcstackCOMRAM:
    68                           	opt stack 0
    69  000001                     ??_main:
    70                           
    71                           ; 1 bytes @ 0x0
    72  000001                     	ds	1
    73                           
    74 ;;
    75 ;;Main: autosize = 0, tempsize = 1, incstack = 0, save=0
    76 ;;
    77 ;; *************** function _main *****************
    78 ;; Defined at:
    79 ;;		line 16 in file "main.c"
    80 ;; Parameters:    Size  Location     Type
    81 ;;		None
    82 ;; Auto vars:     Size  Location     Type
    83 ;;		None
    84 ;; Return value:  Size  Location     Type
    85 ;;                  1    wreg      void 
    86 ;; Registers used:
    87 ;;		wreg, status,2, status,0
    88 ;; Tracked objects:
    89 ;;		On entry : 0/0
    90 ;;		On exit  : 0/0
    91 ;;		Unchanged: 0/0
    92 ;; Data sizes:     COMRAM   BANK0   BANK1   BANK2   BANK3   BANK4   BANK5   BANK6   BANK7
    93 ;;      Params:         0       0       0       0       0       0       0       0       0
    94 ;;      Locals:         0       0       0       0       0       0       0       0       0
    95 ;;      Temps:          1       0       0       0       0       0       0       0       0
    96 ;;      Totals:         1       0       0       0       0       0       0       0       0
    97 ;;Total ram usage:        1 bytes
    98 ;; This function calls:
    99 ;;		Nothing
   100 ;; This function is called by:
   101 ;;		Startup code after reset
   102 ;; This function uses a non-reentrant model
   103 ;;
   104                           
   105                           	psect	text0
   106  007FBA                     __ptext0:
   107                           	opt stack 0
   108  007FBA                     _main:
   109                           	opt stack 31
   110                           
   111                           ;main.c: 18: T0CONbits.TMR0ON = 0;
   112                           
   113                           ;incstack = 0
   114  007FBA  9ED5               	bcf	4053,7,c	;volatile
   115                           
   116                           ;main.c: 20: INTCONbits.TMR0IF = 1;
   117  007FBC  84F2               	bsf	intcon,2,c	;volatile
   118                           
   119                           ;main.c: 21: INTCONbits.TMR0IF = 0;
   120  007FBE  94F2               	bcf	intcon,2,c	;volatile
   121                           
   122                           ;main.c: 23: T0CONbits.T08BIT = 0;
   123  007FC0  9CD5               	bcf	4053,6,c	;volatile
   124                           
   125                           ;main.c: 24: T0CONbits.PSA = 0;
   126  007FC2  96D5               	bcf	4053,3,c	;volatile
   127                           
   128                           ;main.c: 26: T0CONbits.T0PS0 = 1;
   129  007FC4  80D5               	bsf	4053,0,c	;volatile
   130                           
   131                           ;main.c: 27: T0CONbits.T0PS1 = 1;
   132  007FC6  82D5               	bsf	4053,1,c	;volatile
   133                           
   134                           ;main.c: 28: T0CONbits.T0PS2 = 0;
   135  007FC8  94D5               	bcf	4053,2,c	;volatile
   136                           
   137                           ;main.c: 29: T0CONbits.T0CS = 0;
   138  007FCA  9AD5               	bcf	4053,5,c	;volatile
   139                           
   140                           ;main.c: 31: TMR0 = 0;
   141  007FCC  0E00               	movlw	0
   142  007FCE  6ED7               	movwf	4055,c	;volatile
   143  007FD0  0E00               	movlw	0
   144  007FD2  6ED6               	movwf	4054,c	;volatile
   145                           
   146                           ;main.c: 32: T0CONbits.TMR0ON = 1;
   147  007FD4  8ED5               	bsf	4053,7,c	;volatile
   148  007FD6                     l619:
   149                           
   150                           ;main.c: 35: if(INTCONbits.TMR0IF == 1)
   151  007FD6  A4F2               	btfss	intcon,2,c	;volatile
   152  007FD8  D7FE               	goto	l619
   153                           
   154                           ;main.c: 36: {
   155                           ;main.c: 37: PORTDbits.RD0 = PORTDbits.RD0+1;
   156  007FDA  A083               	btfss	3971,0,c	;volatile
   157  007FDC  D003               	goto	u20
   158  007FDE  6A01               	clrf	??_main& (0+255),c
   159  007FE0  2A01               	incf	??_main& (0+255),f,c
   160  007FE2  D001               	goto	u28
   161  007FE4                     u20:
   162  007FE4  6A01               	clrf	??_main& (0+255),c
   163  007FE6                     u28:
   164  007FE6  0E01               	movlw	1
   165  007FE8  2601               	addwf	??_main,f,c
   166  007FEA  5083               	movf	3971,w,c	;volatile
   167  007FEC  1801               	xorwf	??_main,w,c
   168  007FEE  0BFE               	andlw	-2
   169  007FF0  1801               	xorwf	??_main,w,c
   170  007FF2  6E83               	movwf	3971,c	;volatile
   171                           
   172                           ;main.c: 38: TMR0 = 0;
   173  007FF4  0E00               	movlw	0
   174  007FF6  6ED7               	movwf	4055,c	;volatile
   175  007FF8  0E00               	movlw	0
   176  007FFA  6ED6               	movwf	4054,c	;volatile
   177                           
   178                           ;main.c: 39: INTCONbits.TMR0IF == 0;
   179  007FFC  50F2               	movf	intcon,w,c	;volatile
   180  007FFE  D7EB               	goto	l619
   181  008000                     __end_of_main:
   182                           	opt stack 0
   183  0000                     intcon	equ	0xFF2
   184                           intcon	equ	0xFF2
   185                           
   186                           	psect	rparam
   187  0000                     intcon	equ	0xFF2


Data Sizes:
    Strings     0
    Constant    0
    Data        0
    BSS         0
    Persistent  0
    Stack       0

Auto Spaces:
    Space          Size  Autos    Used
    COMRAM           95      1       1
    BANK0           160      0       0
    BANK1           256      0       0
    BANK2           256      0       0
    BANK3           256      0       0
    BANK4           256      0       0
    BANK5           256      0       0
    BANK6           256      0       0
    BANK7           256      0       0

Pointer List with Targets:

    None.

Critical Paths under _main in COMRAM

    None.

Critical Paths under _main in BANK0

    None.

Critical Paths under _main in BANK1

    None.

Critical Paths under _main in BANK2

    None.

Critical Paths under _main in BANK3

    None.

Critical Paths under _main in BANK4

    None.

Critical Paths under _main in BANK5

    None.

Critical Paths under _main in BANK6

    None.

Critical Paths under _main in BANK7

    None.

Call Graph Tables:

 ---------------------------------------------------------------------------------
 (Depth) Function   	        Calls       Base Space   Used Autos Params    Refs
 ---------------------------------------------------------------------------------
 (0) _main                                                 1     1      0       0
                                              0 COMRAM     1     1      0
 ---------------------------------------------------------------------------------
 Estimated maximum stack depth 0
 ---------------------------------------------------------------------------------

 Call Graph Graphs:

 _main (ROOT)

 Address spaces:
Name               Size   Autos  Total    Cost      Usage
BITCOMRAM           5F      0       0       0        0.0%
EEDATA             100      0       0       0        0.0%
NULL                 0      0       0       0        0.0%
CODE                 0      0       0       0        0.0%
COMRAM              5F      1       1       1        1.1%
STACK                0      0       0       2        0.0%
DATA                 0      0       0       3        0.0%
BITBANK0            A0      0       0       4        0.0%
BANK0               A0      0       0       5        0.0%
BITBANK1           100      0       0       6        0.0%
BANK1              100      0       0       7        0.0%
BITBANK2           100      0       0       8        0.0%
BANK2              100      0       0       9        0.0%
BITBANK3           100      0       0      10        0.0%
BANK3              100      0       0      11        0.0%
BITBANK4           100      0       0      12        0.0%
BANK4              100      0       0      13        0.0%
BITBANK5           100      0       0      14        0.0%
BANK5              100      0       0      15        0.0%
BITBANK6           100      0       0      16        0.0%
BANK6              100      0       0      17        0.0%
BITBANK7           100      0       0      18        0.0%
BANK7              100      0       0      19        0.0%
ABS                  0      0       0      20        0.0%
BIGRAM             7FF      0       0      21        0.0%
BITSFR               0      0       0     200        0.0%
SFR                  0      0       0     200        0.0%


Microchip Technology PIC18 Macro Assembler V1.41 build -162212810 
Symbol Table                                                                                   Fri Mar 16 19:01:11 2018

                     u20 7FE4                       u28 7FE6                      l619 7FD6  
           __CFG_WDT$OFF 000000                     _TMR0 000FD6                     _main 7FBA  
                   start 0000             ___param_bank 000000                    ?_main 0001  
        __initialization 7FB4             __end_of_main 8000                   ??_main 0001  
          __activetblptr 000000               __accesstop 0060  __end_of__initialization 7FB4  
          ___rparam_used 000001           __pcstackCOMRAM 0001                  __Hparam 0000  
                __Lparam 0000                  __pcinit 7FB4                  __ramtop 0800  
                __ptext0 7FBA                _T0CONbits 000FD5     end_of_initialization 7FB4  
              _PORTDbits 000F83      start_initialization 7FB4                 __Hrparam 0000  
               __Lrparam 0000            __size_of_main 0046               _INTCONbits 000FF2  
